<?xml version="1.0" encoding="UTF-8"?>
<!-- Generated by org.testng.reporters.JUnitReportReporter -->
<testsuite hostname="LAPTOP-RMF5TH8H" failures="0" tests="1" name="stepDefinations.LoginStepDefination" time="4.362" errors="0" timestamp="2022-12-20T11:25:52 IST" skipped="0">
  <testcase classname="stepDefinations.LoginStepDefination" name="launchDriver" time="4.362"/>
  <system-out/>
</testsuite> <!-- stepDefinations.LoginStepDefination -->
