<?xml version="1.0" encoding="UTF-8"?>
<!-- Generated by org.testng.reporters.JUnitReportReporter -->
<testsuite hostname="LAPTOP-RMF5TH8H" failures="0" tests="1" name="base.TestBase" time="7.979" errors="0" timestamp="2022-12-19T12:39:34 IST" skipped="0">
  <testcase classname="base.TestBase" name="launchDriver" time="7.979"/>
  <system-out/>
</testsuite> <!-- base.TestBase -->
